<?xml version="1.0" encoding="UTF-8"?>
<!-- Generated by org.testng.reporters.JUnitXMLReporter -->
<testsuite hostname="KUMARSAURAV-PC" ignored="0" name="Practice Tests" tests="1" failures="0" timestamp="10 Dec 2017 15:09:01 GMT" time="0.036" errors="0">
  <testcase name="@BeforeSuite initializeExtentReport" time="0.045" classname="com.wipro.webdriver.tests.SendEmailAndVerify">
    <failure type="java.lang.NoClassDefFoundError" message="freemarker/template/TemplateModelException">
      <![CDATA[java.lang.NoClassDefFoundError: freemarker/template/TemplateModelException
	at com.relevantcodes.extentreports.ExtentReports.<init>(ExtentReports.java:86)
	at com.relevantcodes.extentreports.ExtentReports.<init>(ExtentReports.java:375)
	at com.wipro.webdriver.tests.SendEmailAndVerify.initializeExtentReport(SendEmailAndVerify.java:38)
Caused by: java.lang.ClassNotFoundException: freemarker.template.TemplateModelException
	at java.net.URLClassLoader.findClass(URLClassLoader.java:381)
	at java.lang.ClassLoader.loadClass(ClassLoader.java:424)
	at sun.misc.Launcher$AppClassLoader.loadClass(Launcher.java:331)
	at java.lang.ClassLoader.loadClass(ClassLoader.java:357)
	... 21 more
... Removed 18 stack frames]]>
    </failure>
  </testcase> <!-- @BeforeSuite initializeExtentReport -->
  <testcase name="@BeforeClass startBrowserTest" time="0.0" classname="com.wipro.webdriver.tests.SendEmailAndVerify">
    <skipped/>
  </testcase> <!-- @BeforeClass startBrowserTest -->
  <testcase name="loginToOutlookTest" time="0.0" classname="com.wipro.webdriver.tests.SendEmailAndVerify">
    <skipped/>
  </testcase> <!-- loginToOutlookTest -->
</testsuite> <!-- Practice Tests -->
