<?xml version="1.0" encoding="UTF-8"?>
<testng-results skipped="0" failed="0" ignored="0" total="30" passed="30">
  <reporter-output>
  </reporter-output>
  <suite name="Suite1" duration-ms="58" started-at="2017-05-25T08:05:35Z" finished-at="2017-05-25T08:05:35Z">
    <groups>
      <group name="negative">
        <method signature="CalculatorTest.testNegAdd(long, long, long)[pri:0, instance:test.CalculatorTest@7c0e2abd]" name="testNegAdd" class="test.CalculatorTest"/>
        <method signature="CalculatorTest.testNegDiv(double, double, double)[pri:0, instance:test.CalculatorTest@7c0e2abd]" name="testNegDiv" class="test.CalculatorTest"/>
        <method signature="CalculatorTest.testNegMul(long, long, long)[pri:0, instance:test.CalculatorTest@7c0e2abd]" name="testNegMul" class="test.CalculatorTest"/>
        <method signature="CalculatorTest.testNegSqrt(double, double)[pri:0, instance:test.CalculatorTest@7c0e2abd]" name="testNegSqrt" class="test.CalculatorTest"/>
        <method signature="CalculatorTest.testNegSub(long, long, long)[pri:0, instance:test.CalculatorTest@7c0e2abd]" name="testNegSub" class="test.CalculatorTest"/>
      </group> <!-- negative -->
      <group name="positive">
        <method signature="CalculatorTest.testAdd(long, long, long)[pri:0, instance:test.CalculatorTest@7c0e2abd]" name="testAdd" class="test.CalculatorTest"/>
        <method signature="CalculatorTest.testDiv(double, double, double)[pri:0, instance:test.CalculatorTest@7c0e2abd]" name="testDiv" class="test.CalculatorTest"/>
        <method signature="CalculatorTest.testMul(long, long, long)[pri:0, instance:test.CalculatorTest@7c0e2abd]" name="testMul" class="test.CalculatorTest"/>
        <method signature="CalculatorTest.testSqrt(double, double)[pri:0, instance:test.CalculatorTest@7c0e2abd]" name="testSqrt" class="test.CalculatorTest"/>
        <method signature="CalculatorTest.testSub(long, long, long)[pri:0, instance:test.CalculatorTest@7c0e2abd]" name="testSub" class="test.CalculatorTest"/>
      </group> <!-- positive -->
    </groups>
    <test name="Parallel tests" duration-ms="58" started-at="2017-05-25T08:05:35Z" finished-at="2017-05-25T08:05:35Z">
      <class name="test.CalculatorTest">
        <test-method status="PASS" signature="setUp()[pri:0, instance:test.CalculatorTest@7c0e2abd]" name="setUp" is-config="true" duration-ms="6" started-at="2017-05-25T13:35:35Z" finished-at="2017-05-25T13:35:35Z">
          <reporter-output>
          </reporter-output>
        </test-method> <!-- setUp -->
        <test-method status="PASS" signature="testAdd(long, long, long)[pri:0, instance:test.CalculatorTest@7c0e2abd]" name="testAdd" duration-ms="5" started-at="2017-05-25T13:35:35Z" data-provider="addInput" finished-at="2017-05-25T13:35:35Z">
          <params>
            <param index="0">
              <value>
                <![CDATA[2]]>
              </value>
            </param>
            <param index="1">
              <value>
                <![CDATA[2]]>
              </value>
            </param>
            <param index="2">
              <value>
                <![CDATA[4]]>
              </value>
            </param>
          </params>
          <reporter-output>
          </reporter-output>
        </test-method> <!-- testAdd -->
        <test-method status="PASS" signature="testDiv(double, double, double)[pri:0, instance:test.CalculatorTest@7c0e2abd]" name="testDiv" duration-ms="5" started-at="2017-05-25T13:35:35Z" data-provider="divideInput" finished-at="2017-05-25T13:35:35Z">
          <params>
            <param index="0">
              <value>
                <![CDATA[4]]>
              </value>
            </param>
            <param index="1">
              <value>
                <![CDATA[2]]>
              </value>
            </param>
            <param index="2">
              <value>
                <![CDATA[2]]>
              </value>
            </param>
          </params>
          <reporter-output>
          </reporter-output>
        </test-method> <!-- testDiv -->
        <test-method status="PASS" signature="testDiv(double, double, double)[pri:0, instance:test.CalculatorTest@7c0e2abd]" name="testDiv" duration-ms="1" started-at="2017-05-25T13:35:35Z" data-provider="divideInput" finished-at="2017-05-25T13:35:35Z">
          <params>
            <param index="0">
              <value>
                <![CDATA[6]]>
              </value>
            </param>
            <param index="1">
              <value>
                <![CDATA[3]]>
              </value>
            </param>
            <param index="2">
              <value>
                <![CDATA[2]]>
              </value>
            </param>
          </params>
          <reporter-output>
          </reporter-output>
        </test-method> <!-- testDiv -->
        <test-method status="PASS" signature="testAdd(long, long, long)[pri:0, instance:test.CalculatorTest@7c0e2abd]" name="testAdd" duration-ms="1" started-at="2017-05-25T13:35:35Z" data-provider="addInput" finished-at="2017-05-25T13:35:35Z">
          <params>
            <param index="0">
              <value>
                <![CDATA[2]]>
              </value>
            </param>
            <param index="1">
              <value>
                <![CDATA[3]]>
              </value>
            </param>
            <param index="2">
              <value>
                <![CDATA[5]]>
              </value>
            </param>
          </params>
          <reporter-output>
          </reporter-output>
        </test-method> <!-- testAdd -->
        <test-method status="PASS" signature="testDiv(double, double, double)[pri:0, instance:test.CalculatorTest@7c0e2abd]" name="testDiv" duration-ms="1" started-at="2017-05-25T13:35:35Z" data-provider="divideInput" finished-at="2017-05-25T13:35:35Z">
          <params>
            <param index="0">
              <value>
                <![CDATA[15]]>
              </value>
            </param>
            <param index="1">
              <value>
                <![CDATA[3]]>
              </value>
            </param>
            <param index="2">
              <value>
                <![CDATA[5]]>
              </value>
            </param>
          </params>
          <reporter-output>
          </reporter-output>
        </test-method> <!-- testDiv -->
        <test-method status="PASS" signature="testAdd(long, long, long)[pri:0, instance:test.CalculatorTest@7c0e2abd]" name="testAdd" duration-ms="1" started-at="2017-05-25T13:35:35Z" data-provider="addInput" finished-at="2017-05-25T13:35:35Z">
          <params>
            <param index="0">
              <value>
                <![CDATA[5]]>
              </value>
            </param>
            <param index="1">
              <value>
                <![CDATA[3]]>
              </value>
            </param>
            <param index="2">
              <value>
                <![CDATA[8]]>
              </value>
            </param>
          </params>
          <reporter-output>
          </reporter-output>
        </test-method> <!-- testAdd -->
        <test-method status="PASS" signature="testNegAdd(long, long, long)[pri:0, instance:test.CalculatorTest@7c0e2abd]" name="testNegAdd" duration-ms="1" started-at="2017-05-25T13:35:35Z" data-provider="addNegInput" finished-at="2017-05-25T13:35:35Z">
          <params>
            <param index="0">
              <value>
                <![CDATA[2]]>
              </value>
            </param>
            <param index="1">
              <value>
                <![CDATA[2]]>
              </value>
            </param>
            <param index="2">
              <value>
                <![CDATA[5]]>
              </value>
            </param>
          </params>
          <reporter-output>
          </reporter-output>
        </test-method> <!-- testNegAdd -->
        <test-method status="PASS" signature="testMul(long, long, long)[pri:0, instance:test.CalculatorTest@7c0e2abd]" name="testMul" duration-ms="1" started-at="2017-05-25T13:35:35Z" data-provider="mulInput" finished-at="2017-05-25T13:35:35Z">
          <params>
            <param index="0">
              <value>
                <![CDATA[4]]>
              </value>
            </param>
            <param index="1">
              <value>
                <![CDATA[2]]>
              </value>
            </param>
            <param index="2">
              <value>
                <![CDATA[8]]>
              </value>
            </param>
          </params>
          <reporter-output>
          </reporter-output>
        </test-method> <!-- testMul -->
        <test-method status="PASS" signature="testMul(long, long, long)[pri:0, instance:test.CalculatorTest@7c0e2abd]" name="testMul" duration-ms="1" started-at="2017-05-25T13:35:35Z" data-provider="mulInput" finished-at="2017-05-25T13:35:35Z">
          <params>
            <param index="0">
              <value>
                <![CDATA[5]]>
              </value>
            </param>
            <param index="1">
              <value>
                <![CDATA[3]]>
              </value>
            </param>
            <param index="2">
              <value>
                <![CDATA[15]]>
              </value>
            </param>
          </params>
          <reporter-output>
          </reporter-output>
        </test-method> <!-- testMul -->
        <test-method status="PASS" signature="testNegAdd(long, long, long)[pri:0, instance:test.CalculatorTest@7c0e2abd]" name="testNegAdd" duration-ms="1" started-at="2017-05-25T13:35:35Z" data-provider="addNegInput" finished-at="2017-05-25T13:35:35Z">
          <params>
            <param index="0">
              <value>
                <![CDATA[2]]>
              </value>
            </param>
            <param index="1">
              <value>
                <![CDATA[3]]>
              </value>
            </param>
            <param index="2">
              <value>
                <![CDATA[6]]>
              </value>
            </param>
          </params>
          <reporter-output>
          </reporter-output>
        </test-method> <!-- testNegAdd -->
        <test-method status="PASS" signature="testMul(long, long, long)[pri:0, instance:test.CalculatorTest@7c0e2abd]" name="testMul" duration-ms="1" started-at="2017-05-25T13:35:35Z" data-provider="mulInput" finished-at="2017-05-25T13:35:35Z">
          <params>
            <param index="0">
              <value>
                <![CDATA[6]]>
              </value>
            </param>
            <param index="1">
              <value>
                <![CDATA[3]]>
              </value>
            </param>
            <param index="2">
              <value>
                <![CDATA[18]]>
              </value>
            </param>
          </params>
          <reporter-output>
          </reporter-output>
        </test-method> <!-- testMul -->
        <test-method status="PASS" signature="testNegAdd(long, long, long)[pri:0, instance:test.CalculatorTest@7c0e2abd]" name="testNegAdd" duration-ms="0" started-at="2017-05-25T13:35:35Z" data-provider="addNegInput" finished-at="2017-05-25T13:35:35Z">
          <params>
            <param index="0">
              <value>
                <![CDATA[5]]>
              </value>
            </param>
            <param index="1">
              <value>
                <![CDATA[3]]>
              </value>
            </param>
            <param index="2">
              <value>
                <![CDATA[9]]>
              </value>
            </param>
          </params>
          <reporter-output>
          </reporter-output>
        </test-method> <!-- testNegAdd -->
        <test-method status="PASS" signature="testNegDiv(double, double, double)[pri:0, instance:test.CalculatorTest@7c0e2abd]" name="testNegDiv" duration-ms="1" started-at="2017-05-25T13:35:35Z" data-provider="divNegInput" finished-at="2017-05-25T13:35:35Z">
          <params>
            <param index="0">
              <value>
                <![CDATA[2]]>
              </value>
            </param>
            <param index="1">
              <value>
                <![CDATA[2]]>
              </value>
            </param>
            <param index="2">
              <value>
                <![CDATA[4]]>
              </value>
            </param>
          </params>
          <reporter-output>
          </reporter-output>
        </test-method> <!-- testNegDiv -->
        <test-method status="PASS" signature="testNegMul(long, long, long)[pri:0, instance:test.CalculatorTest@7c0e2abd]" name="testNegMul" duration-ms="0" started-at="2017-05-25T13:35:35Z" data-provider="mulNegInput" finished-at="2017-05-25T13:35:35Z">
          <params>
            <param index="0">
              <value>
                <![CDATA[2]]>
              </value>
            </param>
            <param index="1">
              <value>
                <![CDATA[2]]>
              </value>
            </param>
            <param index="2">
              <value>
                <![CDATA[41]]>
              </value>
            </param>
          </params>
          <reporter-output>
          </reporter-output>
        </test-method> <!-- testNegMul -->
        <test-method status="PASS" signature="testNegDiv(double, double, double)[pri:0, instance:test.CalculatorTest@7c0e2abd]" name="testNegDiv" duration-ms="1" started-at="2017-05-25T13:35:35Z" data-provider="divNegInput" finished-at="2017-05-25T13:35:35Z">
          <params>
            <param index="0">
              <value>
                <![CDATA[2]]>
              </value>
            </param>
            <param index="1">
              <value>
                <![CDATA[3]]>
              </value>
            </param>
            <param index="2">
              <value>
                <![CDATA[11]]>
              </value>
            </param>
          </params>
          <reporter-output>
          </reporter-output>
        </test-method> <!-- testNegDiv -->
        <test-method status="PASS" signature="testNegMul(long, long, long)[pri:0, instance:test.CalculatorTest@7c0e2abd]" name="testNegMul" duration-ms="1" started-at="2017-05-25T13:35:35Z" data-provider="mulNegInput" finished-at="2017-05-25T13:35:35Z">
          <params>
            <param index="0">
              <value>
                <![CDATA[12]]>
              </value>
            </param>
            <param index="1">
              <value>
                <![CDATA[3]]>
              </value>
            </param>
            <param index="2">
              <value>
                <![CDATA[111]]>
              </value>
            </param>
          </params>
          <reporter-output>
          </reporter-output>
        </test-method> <!-- testNegMul -->
        <test-method status="PASS" signature="testNegDiv(double, double, double)[pri:0, instance:test.CalculatorTest@7c0e2abd]" name="testNegDiv" duration-ms="1" started-at="2017-05-25T13:35:35Z" data-provider="divNegInput" finished-at="2017-05-25T13:35:35Z">
          <params>
            <param index="0">
              <value>
                <![CDATA[15]]>
              </value>
            </param>
            <param index="1">
              <value>
                <![CDATA[3]]>
              </value>
            </param>
            <param index="2">
              <value>
                <![CDATA[19]]>
              </value>
            </param>
          </params>
          <reporter-output>
          </reporter-output>
        </test-method> <!-- testNegDiv -->
        <test-method status="PASS" signature="testNegMul(long, long, long)[pri:0, instance:test.CalculatorTest@7c0e2abd]" name="testNegMul" duration-ms="1" started-at="2017-05-25T13:35:35Z" data-provider="mulNegInput" finished-at="2017-05-25T13:35:35Z">
          <params>
            <param index="0">
              <value>
                <![CDATA[115]]>
              </value>
            </param>
            <param index="1">
              <value>
                <![CDATA[3]]>
              </value>
            </param>
            <param index="2">
              <value>
                <![CDATA[91]]>
              </value>
            </param>
          </params>
          <reporter-output>
          </reporter-output>
        </test-method> <!-- testNegMul -->
        <test-method status="PASS" signature="testNegSqrt(double, double)[pri:0, instance:test.CalculatorTest@7c0e2abd]" name="testNegSqrt" duration-ms="1" started-at="2017-05-25T13:35:35Z" data-provider="sqrtNegInput" finished-at="2017-05-25T13:35:35Z">
          <params>
            <param index="0">
              <value>
                <![CDATA[-4]]>
              </value>
            </param>
            <param index="1">
              <value>
                <![CDATA[12]]>
              </value>
            </param>
          </params>
          <reporter-output>
          </reporter-output>
        </test-method> <!-- testNegSqrt -->
        <test-method status="PASS" signature="testNegSub(long, long, long)[pri:0, instance:test.CalculatorTest@7c0e2abd]" name="testNegSub" duration-ms="0" started-at="2017-05-25T13:35:35Z" data-provider="subNegInput" finished-at="2017-05-25T13:35:35Z">
          <params>
            <param index="0">
              <value>
                <![CDATA[2]]>
              </value>
            </param>
            <param index="1">
              <value>
                <![CDATA[2]]>
              </value>
            </param>
            <param index="2">
              <value>
                <![CDATA[1]]>
              </value>
            </param>
          </params>
          <reporter-output>
          </reporter-output>
        </test-method> <!-- testNegSub -->
        <test-method status="PASS" signature="testNegSqrt(double, double)[pri:0, instance:test.CalculatorTest@7c0e2abd]" name="testNegSqrt" duration-ms="1" started-at="2017-05-25T13:35:35Z" data-provider="sqrtNegInput" finished-at="2017-05-25T13:35:35Z">
          <params>
            <param index="0">
              <value>
                <![CDATA[-16]]>
              </value>
            </param>
            <param index="1">
              <value>
                <![CDATA[45]]>
              </value>
            </param>
          </params>
          <reporter-output>
          </reporter-output>
        </test-method> <!-- testNegSqrt -->
        <test-method status="PASS" signature="testNegSub(long, long, long)[pri:0, instance:test.CalculatorTest@7c0e2abd]" name="testNegSub" duration-ms="1" started-at="2017-05-25T13:35:35Z" data-provider="subNegInput" finished-at="2017-05-25T13:35:35Z">
          <params>
            <param index="0">
              <value>
                <![CDATA[2]]>
              </value>
            </param>
            <param index="1">
              <value>
                <![CDATA[3]]>
              </value>
            </param>
            <param index="2">
              <value>
                <![CDATA[1]]>
              </value>
            </param>
          </params>
          <reporter-output>
          </reporter-output>
        </test-method> <!-- testNegSub -->
        <test-method status="PASS" signature="testNegSub(long, long, long)[pri:0, instance:test.CalculatorTest@7c0e2abd]" name="testNegSub" duration-ms="1" started-at="2017-05-25T13:35:35Z" data-provider="subNegInput" finished-at="2017-05-25T13:35:35Z">
          <params>
            <param index="0">
              <value>
                <![CDATA[15]]>
              </value>
            </param>
            <param index="1">
              <value>
                <![CDATA[3]]>
              </value>
            </param>
            <param index="2">
              <value>
                <![CDATA[9]]>
              </value>
            </param>
          </params>
          <reporter-output>
          </reporter-output>
        </test-method> <!-- testNegSub -->
        <test-method status="PASS" signature="testNegSqrt(double, double)[pri:0, instance:test.CalculatorTest@7c0e2abd]" name="testNegSqrt" duration-ms="0" started-at="2017-05-25T13:35:35Z" data-provider="sqrtNegInput" finished-at="2017-05-25T13:35:35Z">
          <params>
            <param index="0">
              <value>
                <![CDATA[-181]]>
              </value>
            </param>
            <param index="1">
              <value>
                <![CDATA[97]]>
              </value>
            </param>
          </params>
          <reporter-output>
          </reporter-output>
        </test-method> <!-- testNegSqrt -->
        <test-method status="PASS" signature="testSqrt(double, double)[pri:0, instance:test.CalculatorTest@7c0e2abd]" name="testSqrt" duration-ms="1" started-at="2017-05-25T13:35:35Z" data-provider="sqrtInput" finished-at="2017-05-25T13:35:35Z">
          <params>
            <param index="0">
              <value>
                <![CDATA[4]]>
              </value>
            </param>
            <param index="1">
              <value>
                <![CDATA[2]]>
              </value>
            </param>
          </params>
          <reporter-output>
          </reporter-output>
        </test-method> <!-- testSqrt -->
        <test-method status="PASS" signature="testSub(long, long, long)[pri:0, instance:test.CalculatorTest@7c0e2abd]" name="testSub" duration-ms="3" started-at="2017-05-25T13:35:35Z" data-provider="subInput" finished-at="2017-05-25T13:35:35Z">
          <params>
            <param index="0">
              <value>
                <![CDATA[4]]>
              </value>
            </param>
            <param index="1">
              <value>
                <![CDATA[2]]>
              </value>
            </param>
            <param index="2">
              <value>
                <![CDATA[2]]>
              </value>
            </param>
          </params>
          <reporter-output>
          </reporter-output>
        </test-method> <!-- testSub -->
        <test-method status="PASS" signature="testSqrt(double, double)[pri:0, instance:test.CalculatorTest@7c0e2abd]" name="testSqrt" duration-ms="1" started-at="2017-05-25T13:35:35Z" data-provider="sqrtInput" finished-at="2017-05-25T13:35:35Z">
          <params>
            <param index="0">
              <value>
                <![CDATA[16]]>
              </value>
            </param>
            <param index="1">
              <value>
                <![CDATA[4]]>
              </value>
            </param>
          </params>
          <reporter-output>
          </reporter-output>
        </test-method> <!-- testSqrt -->
        <test-method status="PASS" signature="testSqrt(double, double)[pri:0, instance:test.CalculatorTest@7c0e2abd]" name="testSqrt" duration-ms="1" started-at="2017-05-25T13:35:35Z" data-provider="sqrtInput" finished-at="2017-05-25T13:35:35Z">
          <params>
            <param index="0">
              <value>
                <![CDATA[81]]>
              </value>
            </param>
            <param index="1">
              <value>
                <![CDATA[9]]>
              </value>
            </param>
          </params>
          <reporter-output>
          </reporter-output>
        </test-method> <!-- testSqrt -->
        <test-method status="PASS" signature="testSub(long, long, long)[pri:0, instance:test.CalculatorTest@7c0e2abd]" name="testSub" duration-ms="1" started-at="2017-05-25T13:35:35Z" data-provider="subInput" finished-at="2017-05-25T13:35:35Z">
          <params>
            <param index="0">
              <value>
                <![CDATA[5]]>
              </value>
            </param>
            <param index="1">
              <value>
                <![CDATA[3]]>
              </value>
            </param>
            <param index="2">
              <value>
                <![CDATA[2]]>
              </value>
            </param>
          </params>
          <reporter-output>
          </reporter-output>
        </test-method> <!-- testSub -->
        <test-method status="PASS" signature="testSub(long, long, long)[pri:0, instance:test.CalculatorTest@7c0e2abd]" name="testSub" duration-ms="0" started-at="2017-05-25T13:35:35Z" data-provider="subInput" finished-at="2017-05-25T13:35:35Z">
          <params>
            <param index="0">
              <value>
                <![CDATA[6]]>
              </value>
            </param>
            <param index="1">
              <value>
                <![CDATA[3]]>
              </value>
            </param>
            <param index="2">
              <value>
                <![CDATA[3]]>
              </value>
            </param>
          </params>
          <reporter-output>
          </reporter-output>
        </test-method> <!-- testSub -->
        <test-method status="PASS" signature="tearDown()[pri:0, instance:test.CalculatorTest@7c0e2abd]" name="tearDown" is-config="true" duration-ms="0" started-at="2017-05-25T13:35:35Z" finished-at="2017-05-25T13:35:35Z">
          <reporter-output>
          </reporter-output>
        </test-method> <!-- tearDown -->
      </class> <!-- test.CalculatorTest -->
    </test> <!-- Parallel tests -->
  </suite> <!-- Suite1 -->
</testng-results>
