<?xml version="1.0" encoding="UTF-8"?>
<!-- Generated by org.testng.reporters.JUnitXMLReporter -->
<testsuite hostname="EPINHYDW1375" ignored="0" name="Parallel tests" tests="30" failures="0" timestamp="25 May 2017 08:05:35 GMT" time="0.058" errors="0">
  <testcase name="testDiv" time="0.005" classname="test.CalculatorTest"/>
  <testcase name="testAdd" time="0.005" classname="test.CalculatorTest"/>
  <testcase name="testDiv" time="0.001" classname="test.CalculatorTest"/>
  <testcase name="testAdd" time="0.001" classname="test.CalculatorTest"/>
  <testcase name="testDiv" time="0.001" classname="test.CalculatorTest"/>
  <testcase name="testAdd" time="0.001" classname="test.CalculatorTest"/>
  <testcase name="testMul" time="0.001" classname="test.CalculatorTest"/>
  <testcase name="testNegAdd" time="0.001" classname="test.CalculatorTest"/>
  <testcase name="testMul" time="0.001" classname="test.CalculatorTest"/>
  <testcase name="testNegAdd" time="0.001" classname="test.CalculatorTest"/>
  <testcase name="testMul" time="0.001" classname="test.CalculatorTest"/>
  <testcase name="testNegAdd" time="0.0" classname="test.CalculatorTest"/>
  <testcase name="testNegDiv" time="0.001" classname="test.CalculatorTest"/>
  <testcase name="testNegMul" time="0.0" classname="test.CalculatorTest"/>
  <testcase name="testNegDiv" time="0.001" classname="test.CalculatorTest"/>
  <testcase name="testNegMul" time="0.001" classname="test.CalculatorTest"/>
  <testcase name="testNegDiv" time="0.001" classname="test.CalculatorTest"/>
  <testcase name="testNegMul" time="0.001" classname="test.CalculatorTest"/>
  <testcase name="testNegSqrt" time="0.001" classname="test.CalculatorTest"/>
  <testcase name="testNegSub" time="0.0" classname="test.CalculatorTest"/>
  <testcase name="testNegSqrt" time="0.001" classname="test.CalculatorTest"/>
  <testcase name="testNegSub" time="0.001" classname="test.CalculatorTest"/>
  <testcase name="testNegSqrt" time="0.0" classname="test.CalculatorTest"/>
  <testcase name="testNegSub" time="0.001" classname="test.CalculatorTest"/>
  <testcase name="testSqrt" time="0.001" classname="test.CalculatorTest"/>
  <testcase name="testSqrt" time="0.001" classname="test.CalculatorTest"/>
  <testcase name="testSub" time="0.003" classname="test.CalculatorTest"/>
  <testcase name="testSqrt" time="0.001" classname="test.CalculatorTest"/>
  <testcase name="testSub" time="0.001" classname="test.CalculatorTest"/>
  <testcase name="testSub" time="0.0" classname="test.CalculatorTest"/>
</testsuite> <!-- Parallel tests -->
