<?xml version="1.0" encoding="UTF-8"?>
<!-- Generated by org.testng.reporters.JUnitXMLReporter -->
<testsuite hostname="EPINHYDW1375" ignored="0" name="test1" tests="30" failures="0" timestamp="24 May 2017 12:10:02 GMT" time="0.054" errors="0">
  <testcase name="testAdd" time="0.004" classname="test.CalculatorTest"/>
  <testcase name="testAdd" time="0.0" classname="test.CalculatorTest"/>
  <testcase name="testAdd" time="0.0" classname="test.CalculatorTest"/>
  <testcase name="testDiv" time="0.0" classname="test.CalculatorTest"/>
  <testcase name="testDiv" time="0.0" classname="test.CalculatorTest"/>
  <testcase name="testDiv" time="0.0" classname="test.CalculatorTest"/>
  <testcase name="testMul" time="0.001" classname="test.CalculatorTest"/>
  <testcase name="testMul" time="0.001" classname="test.CalculatorTest"/>
  <testcase name="testMul" time="0.001" classname="test.CalculatorTest"/>
  <testcase name="testNegAdd" time="0.001" classname="test.CalculatorTest"/>
  <testcase name="testNegAdd" time="0.001" classname="test.CalculatorTest"/>
  <testcase name="testNegAdd" time="0.001" classname="test.CalculatorTest"/>
  <testcase name="testNegDiv" time="0.0" classname="test.CalculatorTest"/>
  <testcase name="testNegDiv" time="0.0" classname="test.CalculatorTest"/>
  <testcase name="testNegDiv" time="0.0" classname="test.CalculatorTest"/>
  <testcase name="testNegMul" time="0.0" classname="test.CalculatorTest"/>
  <testcase name="testNegMul" time="0.0" classname="test.CalculatorTest"/>
  <testcase name="testNegMul" time="0.0" classname="test.CalculatorTest"/>
  <testcase name="testNegSqrt" time="0.0" classname="test.CalculatorTest"/>
  <testcase name="testNegSqrt" time="0.0" classname="test.CalculatorTest"/>
  <testcase name="testNegSqrt" time="0.0" classname="test.CalculatorTest"/>
  <testcase name="testNegSub" time="0.0" classname="test.CalculatorTest"/>
  <testcase name="testNegSub" time="0.001" classname="test.CalculatorTest"/>
  <testcase name="testNegSub" time="0.001" classname="test.CalculatorTest"/>
  <testcase name="testSqrt" time="0.001" classname="test.CalculatorTest"/>
  <testcase name="testSqrt" time="0.0" classname="test.CalculatorTest"/>
  <testcase name="testSqrt" time="0.0" classname="test.CalculatorTest"/>
  <testcase name="testSub" time="0.0" classname="test.CalculatorTest"/>
  <testcase name="testSub" time="0.0" classname="test.CalculatorTest"/>
  <testcase name="testSub" time="0.0" classname="test.CalculatorTest"/>
</testsuite> <!-- test1 -->
